<?xml version="1.0" encoding="UTF-8"?>
<!-- Generated by org.testng.reporters.JUnitReportReporter -->
<testsuite hostname="HOME-PC" failures="0" tests="2" name="Testng.Sampledependency" time="40.019" errors="0" timestamp="28 Jun 2021 13:50:15 GMT" skipped="0">
  <testcase classname="Testng.Sampledependency" name="stUp" time="37.756"/>
  <testcase classname="Testng.Sampledependency" name="tearDown" time="2.263"/>
</testsuite> <!-- Testng.Sampledependency -->
