<?xml version="1.0" encoding="UTF-8"?>
<!-- Generated by org.testng.reporters.JUnitReportReporter -->
<testsuite hostname="HOME-PC" failures="0" tests="3" name="Testng.Automationpractice" time="105.771" errors="0" timestamp="10 Jun 2021 05:31:53 GMT" skipped="0">
  <testcase classname="Testng.Automationpractice" name="execute1" time="32.014"/>
  <testcase classname="Testng.Automationpractice" name="execute1" time="29.706"/>
  <testcase classname="Testng.Automationpractice" name="execute1" time="44.051"/>
</testsuite> <!-- Testng.Automationpractice -->
