<?xml version="1.0" encoding="UTF-8"?>
<!-- Generated by org.testng.reporters.JUnitReportReporter -->
<testsuite hostname="HOME-PC" failures="0" tests="2" name="Testng.Testng" time="0.026" errors="0" timestamp="18 Jun 2021 07:49:55 GMT" skipped="1">
  <testcase classname="Testng.Testng" name="middium" time="0.007">
    <skipped/>
  </testcase> <!-- middium -->
  <testcase classname="Testng.Testng" name="dark" time="0.019"/>
</testsuite> <!-- Testng.Testng -->
